[2024.06.24 04:24:05][Info][Editor] ModCooker: Step Clean has been started!
[2024.06.24 04:24:05][Info][Editor] ModCooker: Step Clean has finished!
[2024.06.24 04:24:05][Info][Core] Reachability		 44.24 ms
[2024.06.24 04:24:05][Info][Core] Collecting unreachables 0.26 ms
[2024.06.24 04:24:05][Info][Core] GC 100410->100410, 322 roots, 44.57 ms
[2024.06.24 04:24:06][Info][Editor] ModCooker: Step Analyze has been started!
[2024.06.24 04:24:06][Info][Editor] ModCooker: Step Analyze has finished!
[2024.06.24 04:24:06][Info][Editor] ModCooker: Step CompileShaders has been started!
[2024.06.24 04:24:06][Info][Editor] ModCooker: Step CompileShaders has finished!
[2024.06.24 04:24:06][Info][WCC] Parsed seed list 'in memory', found 3 seed files to cook
[2024.06.24 04:24:06][Info][WCC] Loading cooker data base...
[2024.06.24 04:24:06][Warning][WCC] Failed to load existing cooking data base from 'c:\dev\w3\w3mod-dismantlepartquantity\cooked\cook.db'. New one will be generated.
[2024.06.24 04:24:06][Info][Cooker] Initializing texture cache...
[2024.06.24 04:24:06][Info][WCC] Found 3 files in the initial cooking list
[2024.06.24 04:24:06][Info][WCC] Start cooking scripts\game\gui\_old\components\guidisassembleinventorycomponent.ws
[2024.06.24 04:24:06][Error][WCC] Failed to load 'scripts\game\gui\_old\components\guidisassembleinventorycomponent.ws' - is this a resource
[2024.06.24 04:24:06][Error][WCC] Failed to cook 'scripts\game\gui\_old\components\guidisassembleinventorycomponent.ws' !
[2024.06.24 04:24:06][Info][WCC] Start cooking scripts\game\gui\menus\blacksmithmenu.ws
[2024.06.24 04:24:06][Error][WCC] Failed to load 'scripts\game\gui\menus\blacksmithmenu.ws' - is this a resource
[2024.06.24 04:24:06][Error][WCC] Failed to cook 'scripts\game\gui\menus\blacksmithmenu.ws' !
[2024.06.24 04:24:06][Info][WCC] Start cooking scripts\local\dismantledpartsquantity.ws
[2024.06.24 04:24:06][Error][WCC] Failed to load 'scripts\local\dismantledpartsquantity.ws' - is this a resource
[2024.06.24 04:24:06][Error][WCC] Failed to cook 'scripts\local\dismantledpartsquantity.ws' !
[2024.06.24 04:24:06][Info][WCC] Biggest BLAS size = 0 kb - ''
[2024.06.24 04:24:06][Info][WCC] Cooker data base saved in 0.00s (3 entries, 0.00 MB)
[2024.06.24 04:24:06][Info][WCC] Cooking finished in 0.00s
[2024.06.24 04:24:06][Info][WCC] Cooked 3 files in total
[2024.06.24 04:24:06][Info][WCC] Total loading time: 0.00s
[2024.06.24 04:24:06][Info][WCC] Total saving time: 0.00s
[2024.06.24 04:24:06][Info][WCC] Total cooking time: 0.00s (0 objects)
[2024.06.24 04:24:06][Info][WCC] Per class cooking stats (0 classes):
[2024.06.24 04:24:06][Info][WCC] Cooker data base saved in 0.00s (3 entries, 0.00 MB)
[2024.06.24 04:24:06][Info][Cooker] Flushing texture cache...
[2024.06.24 04:24:06][Info][Editor] ModCooker: Step Cook has been started!
[2024.06.24 04:24:06][Info][Editor] ModCooker: Step Cook has finished!
[2024.06.24 04:24:06][Error][SoundModCooker] Fatal Error: WWISE installation not found, please install it from https://www.audiokinetic.com/
 - The WWISE version must not be newer than 2021.1.14

The Editor searches in these places (in this order):
 - In the default installation folder: "C:\Program Files (x86)\Audiokinetic\Wwise..."
 - In the system's PATH, as "WwiseCLI.exe" or "WwiseConsole.exe"
 - In "tools\wwise\x64\Release\bin\WwiseCLI.exe"

[2024.06.24 04:24:06][Info][Editor] ModCooker: Step CompileSounds has been started!
[2024.06.24 04:24:06][Info][Editor] ModCooker: Step CompileSounds has finished!
[2024.06.24 04:24:06][Info][Core] Reachability		 44.26 ms
[2024.06.24 04:24:06][Info][Core] Collecting unreachables 0.27 ms
[2024.06.24 04:24:06][Info][Core] GC 100410->100410, 322 roots, 44.58 ms
[2024.06.24 04:24:06][Info][Core] Reachability		 40.30 ms
[2024.06.24 04:24:06][Info][Core] Collecting unreachables 0.26 ms
[2024.06.24 04:24:06][Info][Core] GC 100410->100410, 322 roots, 40.61 ms
[2024.06.24 04:24:06][Info][Core] Reachability		 41.97 ms
[2024.06.24 04:24:06][Info][Core] Collecting unreachables 0.27 ms
[2024.06.24 04:24:06][Info][Core] GC 100410->100410, 322 roots, 42.29 ms
[2024.06.24 04:24:06][Info][Core] Reachability		 42.51 ms
[2024.06.24 04:24:06][Info][Core] Collecting unreachables 0.26 ms
[2024.06.24 04:24:06][Info][Core] GC 100410->100410, 322 roots, 42.82 ms
[2024.06.24 04:24:06][Info][Core] Reachability		 44.80 ms
[2024.06.24 04:24:06][Info][Core] Collecting unreachables 0.26 ms
[2024.06.24 04:24:06][Info][Core] GC 100410->100410, 322 roots, 45.11 ms
[2024.06.24 04:24:06][Info][Core] Reachability		 41.14 ms
[2024.06.24 04:24:06][Info][Core] Collecting unreachables 0.36 ms
[2024.06.24 04:24:06][Info][Core] GC 100410->100410, 322 roots, 41.56 ms
[2024.06.24 04:24:06][Info][Core] Reachability		 40.72 ms
[2024.06.24 04:24:06][Info][Core] Collecting unreachables 0.27 ms
[2024.06.24 04:24:06][Info][Core] GC 100410->100410, 322 roots, 41.04 ms
[2024.06.24 04:24:06][Info][Core] Reachability		 41.67 ms
[2024.06.24 04:24:06][Info][Core] Collecting unreachables 0.28 ms
[2024.06.24 04:24:06][Info][Core] GC 100410->100410, 322 roots, 42.00 ms
[2024.06.24 04:24:06][Info][Core] Reachability		 45.15 ms
[2024.06.24 04:24:06][Info][Core] Collecting unreachables 0.27 ms
[2024.06.24 04:24:06][Info][Core] GC 100410->100410, 322 roots, 45.51 ms
[2024.06.24 04:24:07][Info][Core] Reachability		 47.38 ms
[2024.06.24 04:24:07][Info][Core] Collecting unreachables 0.29 ms
[2024.06.24 04:24:07][Info][Core] GC 100410->100410, 322 roots, 47.71 ms
[2024.06.24 04:24:07][Info][Core] Reachability		 44.46 ms
[2024.06.24 04:24:07][Info][Core] Collecting unreachables 0.26 ms
[2024.06.24 04:24:07][Info][Core] GC 100410->100410, 322 roots, 44.77 ms
[2024.06.24 04:24:07][Info][Core] Reachability		 44.06 ms
[2024.06.24 04:24:07][Info][Core] Collecting unreachables 0.37 ms
[2024.06.24 04:24:07][Info][Core] GC 100410->100410, 322 roots, 44.48 ms
[2024.06.24 04:24:07][Info][Editor] ModCooker: Step CompileSpeech has been started!
[2024.06.24 04:24:07][Info][Editor] ModCooker: Step CompileSpeech has finished!
[2024.06.24 04:24:07][Info][Editor] ModCooker: Step VerifyAndCopy has been started!
[2024.06.24 04:24:07][Info][Editor] ModCooker: Step VerifyAndCopy has finished!
[2024.06.24 04:24:07][Info][WCC] Loading cooker data base...
[2024.06.24 04:24:07][Info][WCC] Parsing cooker data base...
[2024.06.24 04:24:07][Info][WCC] Parsed 3 existing entries from cooker data base in 0.00s
[2024.06.24 04:24:07][Info][Editor] ModCooker: Step CollisionCache has been started!
[2024.06.24 04:24:07][Info][Editor] ModCooker: Step CollisionCache has finished!
[2024.06.24 04:24:07][Info][WCC] Loading cooker data base...
[2024.06.24 04:24:07][Info][WCC] Parsing cooker data base...
[2024.06.24 04:24:07][Info][WCC] Parsed 3 existing entries from cooker data base in 0.00s
[2024.06.24 04:24:07][Info][Editor] ModCooker: Step TextureCache has been started!
[2024.06.24 04:24:07][Info][Editor] ModCooker: Step TextureCache has finished!
[2024.06.24 04:24:07][Info][Editor] ModCooker: Step CreateBundles has been started!
[2024.06.24 04:24:07][Info][Editor] ModCooker: Step CreateBundles has finished!
[2024.06.24 04:24:07][Info][WCC] Loaded 0 bundles with 0 entries
[2024.06.24 04:24:07][Info][WCC] Ignored censorship for 0 files
[2024.06.24 04:24:07][Info][WCC] Analyzing buffers....
[2024.06.24 04:24:07][Info][WCC] Number of buffers: 0
[2024.06.24 04:24:07][Info][WCC] Number of files with buffers: 0
[2024.06.24 04:24:07][Info][WCC] Max buffer ID: 0
[2024.06.24 04:24:07][Info][Core] Found 1 directories in bundle file mapping (0 files)
[2024.06.24 04:24:07][Info][Core] Used 0.00KB for directory names
[2024.06.24 04:24:07][Info][Core] Used 0.00KB for file names
[2024.06.24 04:24:07][Info][WCC] Exported 0.00 KB of text (discardable)
[2024.06.24 04:24:07][Info][WCC] Exported 0 bundles (0.02 KB)
[2024.06.24 04:24:07][Info][WCC] Exported 0 entries (0.02 KB)
[2024.06.24 04:24:07][Info][WCC] Exported 0 files (0.03 KB)
[2024.06.24 04:24:07][Info][WCC] Created 0 buffers (0.00 KB)
[2024.06.24 04:24:07][Info][WCC] Created 0.01 KB in initialization data
[2024.06.24 04:24:07][Info][WCC] -------------------------------------------------------
[2024.06.24 04:24:07][Info][WCC] -- Per extension stats for normal files
[2024.06.24 04:24:07][Info][WCC] -------------------------------------------------------
[2024.06.24 04:24:07][Info][WCC] -------------------------------------------------------
[2024.06.24 04:24:07][Info][WCC] -------------------------------------------------------
[2024.06.24 04:24:07][Info][WCC] -- Per extension stats for buffer files
[2024.06.24 04:24:07][Info][WCC] -------------------------------------------------------
[2024.06.24 04:24:07][Info][WCC] -------------------------------------------------------
[2024.06.24 04:24:07][Info][WCC] -------------------------------------------------------
[2024.06.24 04:24:07][Info][WCC] -- Compression statistics for totals
[2024.06.24 04:24:07][Info][WCC] -------------------------------------------------------
[2024.06.24 04:24:07][Info][WCC] -------------------------------------------------------
[2024.06.24 04:24:07][Error][Editor] Could not remove directory: 'c:\dev\w3\w3mod-dismantlepartquantity\packed\dlc\'
[2024.06.24 04:24:07][Info][Editor] ModCooker: Step CreateMetadataStores has been started!
[2024.06.24 04:24:07][Info][Editor] ModCooker: Step CreateMetadataStores has finished!
